Trace: 2021/03/19 09:59:30 verify.go:25: 礼品码："AE8S2DZX"不存在
Trace: 2021/03/19 10:00:56 verify.go:25: 礼品码："AE8S2DZX"不存在
Trace: 2021/03/19 10:00:58 verify.go:25: 礼品码："AE8S2DZX"不存在
Trace: 2021/03/19 10:37:24 verify.go:25: 礼品码："231231231"不存在
Trace: 2021/03/19 10:37:25 verify.go:25: 礼品码："231231231"不存在
Trace: 2021/03/19 10:37:25 verify.go:25: 礼品码："231231231"不存在
Trace: 2021/03/19 10:37:26 verify.go:25: 礼品码："231231231"不存在
Trace: 2021/03/19 10:37:26 verify.go:25: 礼品码："231231231"不存在
Trace: 2021/03/19 10:37:27 verify.go:25: 礼品码："231231231"不存在
Trace: 2021/03/19 10:38:49 verify.go:25: 礼品码："231231231"不存在
Trace: 2021/03/19 15:54:06 verify.go:25: 礼品码："0000"不存在
Trace: 2021/03/19 17:37:46 verify.go:25: 礼品码："000"不存在
Trace: 2021/03/19 17:41:32 create.go:32: 礼品创建成功，礼品码：AE8S2DZX
Trace: 2021/03/19 17:43:03 redisStore.go:68: 礼品领取完毕，删除礼品码：AE8S2DZX
Trace: 2021/03/19 17:43:04 verify.go:25: 礼品码："AE8S2DZX"不存在
Trace: 2021/03/19 17:43:05 verify.go:25: 礼品码："AE8S2DZX"不存在
Trace: 2021/03/19 17:43:05 verify.go:25: 礼品码："AE8S2DZX"不存在
Trace: 2021/03/19 17:43:06 verify.go:25: 礼品码："AE8S2DZX"不存在
Trace: 2021/03/19 17:43:06 verify.go:25: 礼品码："AE8S2DZX"不存在
Trace: 2021/03/19 17:43:07 verify.go:25: 礼品码："AE8S2DZX"不存在
Trace: 2021/03/19 17:44:21 verify.go:25: 礼品码："AE8S2DZX"不存在
Trace: 2021/03/19 17:50:54 create.go:32: 礼品创建成功，礼品码：AE8S2DZX
Trace: 2021/03/19 17:51:22 verify.go:40: 用户"111"礼品码："AE8S2DZX"获取成功
Trace: 2021/03/19 17:51:24 verify.go:40: 用户"111"礼品码："AE8S2DZX"获取成功
Trace: 2021/03/19 17:51:25 verify.go:40: 用户"111"礼品码："AE8S2DZX"获取成功
Trace: 2021/03/19 17:51:26 verify.go:40: 用户"111"礼品码："AE8S2DZX"获取成功
Trace: 2021/03/19 17:51:26 verify.go:40: 用户"111"礼品码："AE8S2DZX"获取成功
Trace: 2021/03/19 17:51:27 redisStore.go:68: 礼品领取完毕，删除礼品码：AE8S2DZX
Trace: 2021/03/19 17:51:28 verify.go:25: 礼品码："AE8S2DZX"不存在
Trace: 2021/03/19 18:00:19 create.go:32: 礼品创建成功，礼品码：AE8S2DZX
Trace: 2021/03/19 18:00:20 create.go:32: 礼品创建成功，礼品码：8A8S2DZX
Trace: 2021/03/19 18:00:21 create.go:32: 礼品创建成功，礼品码：SAS2DZX9
Trace: 2021/03/19 18:00:22 create.go:32: 礼品创建成功，礼品码：2A2DZX9W
Trace: 2021/03/19 18:00:23 create.go:32: 礼品创建成功，礼品码：DADZX9WY
Trace: 2021/03/19 18:00:23 create.go:32: 礼品创建成功，礼品码：ZAZX9WYL
Trace: 2021/03/19 18:00:24 create.go:32: 礼品创建成功，礼品码：XAX9WYLT
Trace: 2021/03/19 18:00:24 create.go:32: 礼品创建成功，礼品码：9A9WYLTN
Trace: 2021/03/19 18:00:26 create.go:32: 礼品创建成功，礼品码：WAWYLTN6
Trace: 2021/03/19 18:00:26 create.go:32: 礼品创建成功，礼品码：YAYLTN6B
Trace: 2021/03/19 18:00:27 create.go:32: 礼品创建成功，礼品码：LALTN6BQ
Trace: 2021/03/19 18:00:27 create.go:32: 礼品创建成功，礼品码：TATN6BQF
Trace: 2021/03/19 18:00:27 create.go:32: 礼品创建成功，礼品码：NAN6BQF7
Trace: 2021/03/19 18:00:28 create.go:32: 礼品创建成功，礼品码：6A6BQF7C
Trace: 2021/03/19 18:00:28 create.go:32: 礼品创建成功，礼品码：BABQF7CP
Trace: 2021/03/19 18:00:29 create.go:32: 礼品创建成功，礼品码：QAQF7CP5
Trace: 2021/03/19 18:00:29 create.go:32: 礼品创建成功，礼品码：FAF7CP5I
Trace: 2021/03/19 18:00:29 create.go:32: 礼品创建成功，礼品码：7A7CP5IK
Trace: 2021/03/19 18:00:30 create.go:32: 礼品创建成功，礼品码：CACP5IK3
Trace: 2021/03/19 18:00:30 create.go:32: 礼品创建成功，礼品码：PAP5IK3M
Trace: 2021/03/19 18:00:31 create.go:32: 礼品创建成功，礼品码：5A5IK3MJ
Trace: 2021/03/19 18:19:26 create.go:32: 礼品创建成功，礼品码：AE8S2DZX
Trace: 2021/03/19 18:19:27 create.go:32: 礼品创建成功，礼品码：8A8S2DZX
Trace: 2021/03/19 18:19:28 create.go:32: 礼品创建成功，礼品码：SAS2DZX9
Trace: 2021/03/19 18:19:29 create.go:32: 礼品创建成功，礼品码：2A2DZX9W
Trace: 2021/03/19 18:19:29 create.go:32: 礼品创建成功，礼品码：DADZX9WY
Trace: 2021/03/19 18:19:30 create.go:32: 礼品创建成功，礼品码：ZAZX9WYL
Trace: 2021/03/19 18:19:30 create.go:32: 礼品创建成功，礼品码：XAX9WYLT
Trace: 2021/03/19 18:19:31 create.go:32: 礼品创建成功，礼品码：9A9WYLTN
Trace: 2021/03/19 18:19:31 create.go:32: 礼品创建成功，礼品码：WAWYLTN6
Trace: 2021/03/19 18:19:32 create.go:32: 礼品创建成功，礼品码：YAYLTN6B
Trace: 2021/03/19 18:19:32 create.go:32: 礼品创建成功，礼品码：LALTN6BQ
Trace: 2021/03/19 18:19:33 create.go:32: 礼品创建成功，礼品码：TATN6BQF
Trace: 2021/03/19 18:20:17 addGift.go:26: 礼品获取失败
Trace: 2021/03/19 18:20:17 verify.go:43: 用户"111"礼品码："LALTN6BQ"获取成功
Trace: 2021/03/19 18:20:20 addGift.go:26: 礼品获取失败
Trace: 2021/03/19 18:20:20 verify.go:43: 用户"111"礼品码："LALTN6BQ"获取成功
Trace: 2021/03/19 18:20:21 addGift.go:26: 礼品获取失败
Trace: 2021/03/19 18:20:21 verify.go:43: 用户"111"礼品码："LALTN6BQ"获取成功
Trace: 2021/03/19 18:20:21 addGift.go:26: 礼品获取失败
Trace: 2021/03/19 18:20:21 verify.go:43: 用户"111"礼品码："LALTN6BQ"获取成功
Trace: 2021/03/19 18:20:22 addGift.go:26: 礼品获取失败
Trace: 2021/03/19 18:20:22 verify.go:43: 用户"111"礼品码："LALTN6BQ"获取成功
Trace: 2021/03/19 18:20:23 redisStore.go:68: 礼品领取完毕，删除礼品码：LALTN6BQ
Trace: 2021/03/19 18:20:23 verify.go:25: 礼品码："LALTN6BQ"不存在
Trace: 2021/03/19 18:20:24 verify.go:25: 礼品码："LALTN6BQ"不存在
Trace: 2021/03/19 18:20:24 verify.go:25: 礼品码："LALTN6BQ"不存在
Trace: 2021/03/19 18:20:25 verify.go:25: 礼品码："LALTN6BQ"不存在
Trace: 2021/03/19 18:20:25 verify.go:25: 礼品码："LALTN6BQ"不存在
Trace: 2021/03/19 18:20:26 verify.go:25: 礼品码："LALTN6BQ"不存在
Trace: 2021/03/19 18:20:26 verify.go:25: 礼品码："LALTN6BQ"不存在
Trace: 2021/03/19 18:20:27 verify.go:25: 礼品码："LALTN6BQ"不存在
Trace: 2021/03/19 18:20:27 verify.go:25: 礼品码："LALTN6BQ"不存在
Trace: 2021/03/19 18:23:55 create.go:32: 礼品创建成功，礼品码：8A8S2DZX
Trace: 2021/03/19 18:23:55 create.go:32: 礼品创建成功，礼品码：SAS2DZX9
Trace: 2021/03/19 18:23:56 create.go:32: 礼品创建成功，礼品码：2A2DZX9W
Trace: 2021/03/19 18:24:12 verify.go:44: 用户"111"礼品码："2A2DZX9W"获取成功
Trace: 2021/03/19 18:24:28 verify.go:44: 用户"112"礼品码："2A2DZX9W"获取成功
Trace: 2021/03/19 18:24:34 verify.go:44: 用户"113"礼品码："2A2DZX9W"获取成功
Trace: 2021/03/19 18:24:37 verify.go:44: 用户"114"礼品码："2A2DZX9W"获取成功
Trace: 2021/03/19 18:24:42 verify.go:44: 用户"115"礼品码："2A2DZX9W"获取成功
Trace: 2021/03/19 18:24:47 redisStore.go:68: 礼品领取完毕，删除礼品码：2A2DZX9W
Trace: 2021/03/19 18:26:21 create.go:32: 礼品创建成功，礼品码：8A8S2DZX
Trace: 2021/03/19 18:26:22 create.go:32: 礼品创建成功，礼品码：SAS2DZX9
Trace: 2021/03/19 18:26:23 create.go:32: 礼品创建成功，礼品码：2A2DZX9W
Trace: 2021/03/19 18:26:52 verify.go:44: 用户"116"礼品码："2A2DZX9W"获取成功
